The system is: Linux - 4.4.0-18362-Microsoft - x86_64
Compiling the C compiler identification source file "CMakeCCompilerId.c" succeeded.
Compiler: /usr/bin/cc 
Build flags: 
Id flags:  

The output was:
0


Compilation of the C compiler identification source "CMakeCCompilerId.c" produced "a.out"

The C compiler identification is GNU, found in "/mnt/f/Program Files/Mine/study/TDOWN/C++/Study/cmake-build-debug-wsl/CMakeFiles/3.16.3/CompilerIdC/a.out"

Compiling the CXX compiler identification source file "CMakeCXXCompilerId.cpp" succeeded.
Compiler: /usr/bin/c++ 
Build flags: 
Id flags:  

The output was:
0


Compilation of the CXX compiler identification source "CMakeCXXCompilerId.cpp" produced "a.out"

The CXX compiler identification is GNU, found in "/mnt/f/Program Files/Mine/study/TDOWN/C++/Study/cmake-build-debug-wsl/CMakeFiles/3.16.3/CompilerIdCXX/a.out"

Determining if the C compiler works passed with the following output:
Change Dir: /mnt/f/Program Files/Mine/study/TDOWN/C++/Study/cmake-build-debug-wsl/CMakeFiles/CMakeTmp

Run Build Command(s):/usr/bin/make cmTC_99986/fast && /usr/bin/make -f CMakeFiles/cmTC_99986.dir/build.make CMakeFiles/cmTC_99986.dir/build
make[1]: Entering directory '/mnt/f/Program Files/Mine/study/TDOWN/C++/Study/cmake-build-debug-wsl/CMakeFiles/CMakeTmp'
Building C object CMakeFiles/cmTC_99986.dir/testCCompiler.c.o
/usr/bin/cc    -o CMakeFiles/cmTC_99986.dir/testCCompiler.c.o   -c "/mnt/f/Program Files/Mine/study/TDOWN/C++/Study/cmake-build-debug-wsl/CMakeFiles/CMakeTmp/testCCompiler.c"
Linking C executable cmTC_99986
/usr/bin/cmake -E cmake_link_script CMakeFiles/cmTC_99986.dir/link.txt --verbose=1
/usr/bin/cc      CMakeFiles/cmTC_99986.dir/testCCompiler.c.o  -o cmTC_99986 
make[1]: Leaving directory '/mnt/f/Program Files/Mine/study/TDOWN/C++/Study/cmake-build-debug-wsl/CMakeFiles/CMakeTmp'



Determining if the CXX compiler works passed with the following output:
Change Dir: /mnt/f/Program Files/Mine/study/TDOWN/C++/Study/cmake-build-debug-wsl/CMakeFiles/CMakeTmp

Run Build Command(s):/usr/bin/make cmTC_bb640/fast && /usr/bin/make -f CMakeFiles/cmTC_bb640.dir/build.make CMakeFiles/cmTC_bb640.dir/build
make[1]: Entering directory '/mnt/f/Program Files/Mine/study/TDOWN/C++/Study/cmake-build-debug-wsl/CMakeFiles/CMakeTmp'
Building CXX object CMakeFiles/cmTC_bb640.dir/testCXXCompiler.cxx.o
/usr/bin/c++     -o CMakeFiles/cmTC_bb640.dir/testCXXCompiler.cxx.o -c "/mnt/f/Program Files/Mine/study/TDOWN/C++/Study/cmake-build-debug-wsl/CMakeFiles/CMakeTmp/testCXXCompiler.cxx"
Linking CXX executable cmTC_bb640
/usr/bin/cmake -E cmake_link_script CMakeFiles/cmTC_bb640.dir/link.txt --verbose=1
/usr/bin/c++       CMakeFiles/cmTC_bb640.dir/testCXXCompiler.cxx.o  -o cmTC_bb640 
make[1]: Leaving directory '/mnt/f/Program Files/Mine/study/TDOWN/C++/Study/cmake-build-debug-wsl/CMakeFiles/CMakeTmp'



